<?xml version="1.0" encoding="UTF-8"?>
<!-- Generated by org.testng.reporters.JUnitReportReporter -->
<testsuite hostname="LAPTOP-EGGV59UT" failures="0" tests="2" name="testng.ToverifyTheresposeWithAssertion" time="6.292" errors="0" timestamp="2025-01-04T10:56:52 IST" skipped="0">
  <testcase classname="testng.ToverifyTheresposeWithAssertion" name="Login" time="6.286"/>
  <testcase classname="testng.ToverifyTheresposeWithAssertion" name="logout" time="0.006"/>
</testsuite> <!-- testng.ToverifyTheresposeWithAssertion -->
